<?xml version="1.0" encoding="UTF-8"?>
<testng-results ignored="0" total="1" passed="1" failed="0" skipped="0">
  <reporter-output>
  </reporter-output>
  <suite started-at="2023-02-11T11:36:38 IST" name="Suite" finished-at="2023-02-11T11:38:15 IST" duration-ms="96643">
    <groups>
    </groups>
    <test started-at="2023-02-11T11:36:38 IST" name="Test" finished-at="2023-02-11T11:38:15 IST" duration-ms="96643">
      <class name="internship.Demo">
        <test-method is-config="true" signature="StartBrowser()[pri:0, instance:internship.Demo@3ce1e309]" started-at="2023-02-11T11:36:38 IST" name="StartBrowser" finished-at="2023-02-11T11:38:13 IST" duration-ms="94847" status="PASS">
          <reporter-output>
          </reporter-output>
        </test-method> <!-- StartBrowser -->
        <test-method signature="login()[pri:0, instance:internship.Demo@3ce1e309]" started-at="2023-02-11T11:38:13 IST" name="login" finished-at="2023-02-11T11:38:14 IST" duration-ms="733" status="PASS">
          <reporter-output>
          </reporter-output>
        </test-method> <!-- login -->
        <test-method is-config="true" signature="CloseBrowser()[pri:0, instance:internship.Demo@3ce1e309]" started-at="2023-02-11T11:38:14 IST" name="CloseBrowser" finished-at="2023-02-11T11:38:15 IST" duration-ms="945" status="PASS">
          <reporter-output>
          </reporter-output>
        </test-method> <!-- CloseBrowser -->
      </class> <!-- internship.Demo -->
    </test> <!-- Test -->
  </suite> <!-- Suite -->
</testng-results>
